  test2.c
test2.obj : error LNK2005: main 已经在 test1.obj 中定义
D:\c语言练习\test1\x64\Debug\test1.exe : fatal error LNK1169: 找到一个或多个多重定义的符号
